
> iproduce-app@1.0.0 build
> next build

  ▲ Next.js 14.2.35
  - Environments: .env

   Creating an optimized production build ...
 ✓ Compiled successfully
   Skipping validation of types
   Skipping linting
   Collecting page data ...
   Generating static pages (0/22) ...
   Generating static pages (5/22) 
   Generating static pages (10/22) 
   Generating static pages (16/22) 
 ✓ Generating static pages (22/22)
   Finalizing page optimization ...
   Collecting build traces ...

Route (app)                              Size     First Load JS
┌ ƒ /                                    4.07 kB        91.7 kB
├ ƒ /_not-found                          873 B          88.5 kB
├ ƒ /api/admin/auth                      0 B                0 B
├ ƒ /api/admin/credits                   0 B                0 B
├ ƒ /api/admin/role                      0 B                0 B
├ ƒ /api/admin/users                     0 B                0 B
├ ƒ /api/audio/[generationId]            0 B                0 B
├ ƒ /api/auth/login                      0 B                0 B
├ ƒ /api/auth/logout                     0 B                0 B
├ ƒ /api/auth/signup                     0 B                0 B
├ ƒ /api/crates                          0 B                0 B
├ ƒ /api/generate                        0 B                0 B
├ ○ /api/generations                     0 B                0 B
├ ƒ /api/generations/[generationId]      0 B                0 B
├ ƒ /api/split/[id]                      0 B                0 B
├ ƒ /api/split/status/[genId]            0 B                0 B
├ ƒ /api/status/[generationId]           0 B                0 B
├ ƒ /api/stripe/checkout                 0 B                0 B
├ ƒ /api/stripe/webhook                  0 B                0 B
├ ƒ /dashboard                           41.3 kB         129 kB
├ ƒ /dashboard/admin                     138 B          87.8 kB
├ ○ /icon.jpg                            0 B                0 B
├ ƒ /login                               1.89 kB        89.5 kB
├ ƒ /profile                             531 B          88.2 kB
└ ƒ /signup                              2.24 kB        89.9 kB
+ First Load JS shared by all            87.6 kB
  ├ chunks/117-bceba54427497846.js       31.7 kB
  ├ chunks/fd9d1056-72ef1b92e01f1388.js  53.6 kB
  └ other shared chunks (total)          2.27 kB


○  (Static)   prerendered as static content
ƒ  (Dynamic)  server-rendered on demand

